<?xml version="1.0" encoding="UTF-8"?>
<!-- Generated by org.testng.reporters.JUnitReportReporter -->
<testsuite hostname="SAYEM" failures="0" tests="11" name="com.tutorialninja.testcases.Login_Test" time="63.259" errors="0" timestamp="2023-11-21T19:02:10 EST" skipped="0">
  <testcase classname="com.tutorialninja.testcases.Login_Test" name="verifyingLoginWithValidUserNameAndValidPassword" time="5.792"/>
  <testcase classname="com.tutorialninja.testcases.Login_Test" name="verifyingLoginWithValidUserNameAndValidPassword" time="8.252"/>
  <testcase classname="com.tutorialninja.testcases.Login_Test" name="verifyingLoginWithValidUserNameAndValidPassword" time="5.887"/>
  <testcase classname="com.tutorialninja.testcases.Login_Test" name="verifyingLoginWithValidUserNameAndValidPassword" time="5.223"/>
  <testcase classname="com.tutorialninja.testcases.Login_Test" name="verifyingLoginWithValidUserNameAndValidPassword" time="5.288"/>
  <testcase classname="com.tutorialninja.testcases.Login_Test" name="verifyingLoginWithValidUserNameAndValidPassword" time="5.618"/>
  <testcase classname="com.tutorialninja.testcases.Login_Test" name="verifyingLoginWithValidUserNameAndValidPassword" time="5.642"/>
  <testcase classname="com.tutorialninja.testcases.Login_Test" name="verifyLoginWithInValidUserNameAndValidPassword" time="5.575"/>
  <testcase classname="com.tutorialninja.testcases.Login_Test" name="verifyLoginWithValidUserNameAndInValidPassword" time="5.304"/>
  <testcase classname="com.tutorialninja.testcases.Login_Test" name="verifyLoginWithInValidUserNameAndInValidPassword" time="5.581"/>
  <testcase classname="com.tutorialninja.testcases.Login_Test" name="verifyLoginWithNoUserNameAndNoPassword" time="5.097"/>
</testsuite> <!-- com.tutorialninja.testcases.Login_Test -->
