<?xml version="1.0" encoding="UTF-8"?>
<!-- Generated by org.testng.reporters.JUnitReportReporter -->
<testsuite hostname="SAYEM" failures="0" tests="3" name="com.tutorialninja.testcases.SearchTest" time="20.215" errors="0" timestamp="2023-11-21T19:02:10 EST" skipped="0">
  <testcase classname="com.tutorialninja.testcases.SearchTest" name="searchProductWithValidProduct" time="11.188"/>
  <testcase classname="com.tutorialninja.testcases.SearchTest" name="verifySearchWithInvalidProduct" time="4.208"/>
  <testcase classname="com.tutorialninja.testcases.SearchTest" name="verifySearchWithNoProduct" time="4.819"/>
</testsuite> <!-- com.tutorialninja.testcases.SearchTest -->
