<?xml version="1.0" encoding="UTF-8"?>
<!-- Generated by org.testng.reporters.JUnitReportReporter -->
<testsuite hostname="SAYEM" failures="0" tests="1" name="com.tutorialninja.testcases.CheckOut_ValidProduct_Test" time="12.910" errors="0" timestamp="2023-11-21T19:02:10 EST" skipped="0">
  <testcase classname="com.tutorialninja.testcases.CheckOut_ValidProduct_Test" name="addAValidProductAndCheckOut" time="12.910"/>
</testsuite> <!-- com.tutorialninja.testcases.CheckOut_ValidProduct_Test -->
