<?xml version="1.0" encoding="UTF-8"?>
<!-- Generated by org.testng.reporters.JUnitReportReporter -->
<testsuite hostname="SAYEM" failures="0" tests="4" name="com.tutorialninja.testcases.Register_Test" time="24.870" errors="0" timestamp="2023-11-15T13:22:53 EST" skipped="0">
  <testcase classname="com.tutorialninja.testcases.Register_Test" name="registerAccountWithRequiredFields" time="6.508"/>
  <testcase classname="com.tutorialninja.testcases.Register_Test" name="registerAccountWithAllFields" time="6.497"/>
  <testcase classname="com.tutorialninja.testcases.Register_Test" name="registerAccountWithNoFields" time="5.689"/>
  <testcase classname="com.tutorialninja.testcases.Register_Test" name="verifyRegisterWithDuplicateUserName" time="6.176"/>
</testsuite> <!-- com.tutorialninja.testcases.Register_Test -->
