<?xml version="1.0" encoding="UTF-8"?>
<!-- Generated by org.testng.reporters.JUnitReportReporter -->
<testsuite hostname="SAYEM" failures="0" tests="3" name="com.tutorialninja.testcases.SearchTest" time="13.786" errors="0" timestamp="2023-11-15T13:22:53 EST" skipped="0">
  <testcase classname="com.tutorialninja.testcases.SearchTest" name="searchProductWithValidProduct" time="4.523"/>
  <testcase classname="com.tutorialninja.testcases.SearchTest" name="verifySearchWithInvalidProduct" time="4.701"/>
  <testcase classname="com.tutorialninja.testcases.SearchTest" name="verifySearchWithNoProduct" time="4.562"/>
</testsuite> <!-- com.tutorialninja.testcases.SearchTest -->
